<?xml version="1.0" encoding="UTF-8"?>
<!-- Generated by org.testng.reporters.JUnitReportReporter -->
<testsuite hostname="DELLDQRHWX1" name="test.java.NewTest" tests="1" failures="0" timestamp="25 Oct 2016 15:03:44 GMT" time="0.001" errors="0">
  <testcase name="f" time="0.001" classname="test.java.NewTest"/>
</testsuite> <!-- test.java.NewTest -->
